{"level":"info","message":{"duration":8,"ip":"::1","method":"POST","path":"/auth/login","statusCode":400,"userAgent":"bruno-runtime/1.38.1"},"timestamp":"2025-01-26T11:44:22.624Z"}
{"level":"info","message":{"duration":9,"ip":"::1","method":"POST","path":"/users","statusCode":500,"userAgent":"bruno-runtime/1.38.1"},"timestamp":"2025-01-26T11:44:28.132Z"}
{"level":"info","message":{"duration":1,"ip":"::1","method":"POST","path":"/users","statusCode":500,"userAgent":"bruno-runtime/1.38.1"},"timestamp":"2025-01-26T11:44:34.648Z"}
{"level":"info","message":{"duration":9,"ip":"::1","method":"POST","path":"/","statusCode":500,"userAgent":"bruno-runtime/1.38.1"},"timestamp":"2025-01-26T11:48:37.530Z"}
{"level":"info","message":{"duration":6,"ip":"::1","method":"POST","path":"/","statusCode":500,"userAgent":"bruno-runtime/1.38.1"},"timestamp":"2025-01-26T11:49:00.489Z"}
{"level":"info","message":{"duration":9,"ip":"::1","method":"POST","path":"/","statusCode":400,"userAgent":"bruno-runtime/1.38.1"},"timestamp":"2025-01-26T11:52:30.344Z"}
{"level":"info","message":{"duration":11,"ip":"::1","method":"POST","path":"/","statusCode":400,"userAgent":"bruno-runtime/1.38.1"},"timestamp":"2025-01-26T11:52:54.945Z"}
{"level":"info","message":{"duration":3,"ip":"::1","method":"POST","path":"/","statusCode":400,"userAgent":"bruno-runtime/1.38.1"},"timestamp":"2025-01-26T11:52:55.998Z"}
{"level":"info","message":{"duration":1,"ip":"::1","method":"POST","path":"/","statusCode":400,"userAgent":"bruno-runtime/1.38.1"},"timestamp":"2025-01-26T11:52:56.791Z"}
{"level":"info","message":{"duration":8,"ip":"::1","method":"POST","path":"/","statusCode":400,"userAgent":"bruno-runtime/1.38.1"},"timestamp":"2025-01-26T11:53:51.399Z"}
{"level":"info","message":{"duration":2,"ip":"::1","method":"POST","path":"/","statusCode":400,"userAgent":"bruno-runtime/1.38.1"},"timestamp":"2025-01-26T11:53:52.392Z"}
{"level":"info","message":{"duration":10,"ip":"::1","method":"POST","path":"/","statusCode":500,"userAgent":"bruno-runtime/1.38.1"},"timestamp":"2025-01-26T11:54:17.225Z"}
{"level":"info","message":{"duration":2,"ip":"::1","method":"POST","path":"/","statusCode":500,"userAgent":"bruno-runtime/1.38.1"},"timestamp":"2025-01-26T11:54:18.853Z"}
{"level":"info","message":{"duration":343,"ip":"::1","method":"POST","path":"/","statusCode":201,"userAgent":"bruno-runtime/1.38.1"},"timestamp":"2025-01-26T11:57:50.055Z"}
{"level":"info","message":{"duration":111,"ip":"::1","method":"POST","path":"/","statusCode":201,"userAgent":"bruno-runtime/1.38.1"},"timestamp":"2025-01-26T12:23:28.787Z"}
{"level":"info","message":{"duration":5,"ip":"::1","method":"POST","path":"/users/register-user","statusCode":404,"userAgent":"bruno-runtime/1.38.1"},"timestamp":"2025-01-26T12:24:36.425Z"}
{"level":"info","message":{"duration":2,"ip":"::1","method":"POST","path":"/users/register-user","statusCode":404,"userAgent":"bruno-runtime/1.38.1"},"timestamp":"2025-01-26T12:24:39.359Z"}
{"level":"info","message":{"duration":130,"ip":"::1","method":"POST","path":"/register-user","statusCode":400,"userAgent":"bruno-runtime/1.38.1"},"timestamp":"2025-01-26T12:24:58.286Z"}
{"level":"info","message":{"duration":104,"ip":"::1","method":"POST","path":"/register-user","statusCode":400,"userAgent":"bruno-runtime/1.38.1"},"timestamp":"2025-01-26T12:26:19.498Z"}
{"level":"info","message":{"duration":67,"ip":"::1","method":"POST","path":"/register-user","statusCode":400,"userAgent":"bruno-runtime/1.38.1"},"timestamp":"2025-01-26T12:26:20.250Z"}
{"level":"info","message":{"duration":80,"ip":"::1","method":"POST","path":"/register-user","statusCode":400,"userAgent":"bruno-runtime/1.38.1"},"timestamp":"2025-01-26T12:26:20.465Z"}
{"level":"info","message":{"duration":41,"ip":"::1","method":"POST","path":"/register-user","statusCode":400,"userAgent":"bruno-runtime/1.38.1"},"timestamp":"2025-01-26T12:26:20.618Z"}
{"level":"info","message":{"duration":28,"ip":"::1","method":"POST","path":"/register-user","statusCode":400,"userAgent":"bruno-runtime/1.38.1"},"timestamp":"2025-01-26T12:26:20.850Z"}
{"level":"info","message":{"duration":31,"ip":"::1","method":"POST","path":"/register-user","statusCode":400,"userAgent":"bruno-runtime/1.38.1"},"timestamp":"2025-01-26T12:26:20.986Z"}
{"level":"info","message":{"duration":17,"ip":"::1","method":"POST","path":"/register-user","statusCode":400,"userAgent":"bruno-runtime/1.38.1"},"timestamp":"2025-01-26T12:26:21.198Z"}
{"level":"info","message":{"duration":139,"ip":"::1","method":"POST","path":"/register-user","statusCode":400,"userAgent":"bruno-runtime/1.38.1"},"timestamp":"2025-01-26T12:26:47.157Z"}
{"level":"info","message":{"duration":50,"ip":"::1","method":"POST","path":"/register-user","statusCode":400,"userAgent":"bruno-runtime/1.38.1"},"timestamp":"2025-01-26T12:28:19.762Z"}
{"level":"info","message":{"duration":106,"ip":"::1","method":"POST","path":"/register-user","statusCode":400,"userAgent":"bruno-runtime/1.38.1"},"timestamp":"2025-01-26T12:28:58.084Z"}
{"level":"info","message":{"duration":8,"ip":"::1","method":"POST","path":"/register-user","statusCode":400,"userAgent":"bruno-runtime/1.38.1"},"timestamp":"2025-01-26T12:28:58.197Z"}
{"level":"info","message":{"duration":53,"ip":"::1","method":"POST","path":"/register-user","statusCode":400,"userAgent":"bruno-runtime/1.38.1"},"timestamp":"2025-01-26T12:31:02.164Z"}
{"level":"info","message":{"duration":8,"ip":"::1","method":"POST","path":"/users/register-user","statusCode":404,"userAgent":"bruno-runtime/1.38.1"},"timestamp":"2025-01-26T12:39:41.942Z"}
{"level":"info","message":{"duration":2,"ip":"::1","method":"POST","path":"/users/register-user","statusCode":404,"userAgent":"bruno-runtime/1.38.1"},"timestamp":"2025-01-26T12:39:43.872Z"}
{"level":"info","message":{"duration":74,"ip":"::1","method":"POST","path":"/accept-user","statusCode":400,"userAgent":"bruno-runtime/1.38.1"},"timestamp":"2025-01-26T12:39:52.687Z"}
{"level":"info","message":{"duration":50,"ip":"::1","method":"POST","path":"/accept-user","statusCode":400,"userAgent":"bruno-runtime/1.38.1"},"timestamp":"2025-01-26T12:41:28.099Z"}
{"level":"info","message":{"duration":12,"ip":"::1","method":"POST","path":"/accept-user","statusCode":400,"userAgent":"bruno-runtime/1.38.1"},"timestamp":"2025-01-26T12:42:21.715Z"}
{"level":"info","message":{"duration":6587,"ip":"::1","method":"POST","path":"/accept-user","statusCode":200,"userAgent":"bruno-runtime/1.38.1"},"timestamp":"2025-01-26T12:43:33.200Z"}
